[INFO ][20181203 15:58:27,758][AbstractApplicationContext:578] Refreshing org.springframework.context.support.ClassPathXmlApplicationContext@6a38e57f: startup date [Mon Dec 03 15:58:27 CST 2018]; root of context hierarchy
[INFO ][20181203 15:58:27,944][XmlBeanDefinitionReader:317] Loading XML bean definitions from class path resource [spring-context.xml]
[INFO ][20181203 15:58:29,015][XmlBeanDefinitionReader:317] Loading XML bean definitions from class path resource [dubbo-consumer.xml]
[INFO ][20181203 15:58:29,073][?:?] using logger: com.alibaba.dubbo.common.logger.log4j.Log4jLoggerAdapter
[INFO ][20181203 15:58:29,132][XmlBeanDefinitionReader:317] Loading XML bean definitions from class path resource [spring-mail.xml]
[INFO ][20181203 15:58:29,181][XmlBeanDefinitionReader:317] Loading XML bean definitions from class path resource [spring-mq.xml]
[INFO ][20181203 15:58:29,206][DefaultListableBeanFactory:839] Overriding bean definition for bean 'consumerSessionAwareMessageListener' with a different definition: replacing [Generic bean: class [com.fugf.app.mqtest.listener.ConsumerSessionAwareMessageListener]; scope=singleton; abstract=false; lazyInit=false; autowireMode=0; dependencyCheck=0; autowireCandidate=true; primary=false; factoryBeanName=null; factoryMethodName=null; initMethodName=null; destroyMethodName=null; defined in file [E:\work\dubboDemo\dubbo-root\dubbo-app\target\classes\com\fugf\app\mqtest\listener\ConsumerSessionAwareMessageListener.class]] with [Generic bean: class [com.fugf.app.mqtest.listener.ConsumerSessionAwareMessageListener]; scope=; abstract=false; lazyInit=false; autowireMode=1; dependencyCheck=0; autowireCandidate=true; primary=false; factoryBeanName=null; factoryMethodName=null; initMethodName=null; destroyMethodName=null; defined in class path resource [spring-mq.xml]]
[INFO ][20181203 15:58:29,563][PropertiesLoaderSupport:172] Loading properties file from class path resource [mail.properties]
[INFO ][20181203 15:58:29,563][PropertiesLoaderSupport:172] Loading properties file from class path resource [mq.properties]
[INFO ][20181203 15:58:30,288][ExecutorConfigurationSupport:165] Initializing ExecutorService  'threadPool'
[WARN ][20181203 15:58:30,398][AbstractApplicationContext:546] Exception encountered during context initialization - cancelling refresh attempt: org.springframework.beans.factory.BeanCreationException: Error creating bean with name 'consumerSessionAwareMessageListener': Injection of autowired dependencies failed; nested exception is org.springframework.beans.factory.BeanCreationException: Could not autowire field: private org.springframework.jms.core.JmsTemplate com.fugf.app.mqtest.listener.ConsumerSessionAwareMessageListener.activeMqJmsTemplate; nested exception is org.springframework.beans.factory.BeanCreationException: Error creating bean with name 'activeMqJmsTemplate' defined in class path resource [spring-mq.xml]: Cannot resolve reference to bean 'connectionFactory' while setting bean property 'connectionFactory'; nested exception is org.springframework.beans.factory.BeanCreationException: Error creating bean with name 'connectionFactory' defined in class path resource [spring-mq.xml]: Cannot resolve reference to bean 'pooledConnectionFactory' while setting bean property 'targetConnectionFactory'; nested exception is org.springframework.beans.factory.BeanCreationException: Error creating bean with name 'pooledConnectionFactory' defined in class path resource [spring-mq.xml]: Initialization of bean failed; nested exception is java.lang.reflect.MalformedParameterizedTypeException
[INFO ][20181203 15:58:30,398][ExecutorConfigurationSupport:203] Shutting down ExecutorService 'threadPool'
[INFO ][20181203 15:58:30,413][AbstractConfig$1:450]  [DUBBO] Run shutdown hook now., dubbo version: 2.5.3, current host: 127.0.0.1
[INFO ][20181203 15:58:30,415][AbstractRegistryFactory:63]  [DUBBO] Close all registries [], dubbo version: 2.5.3, current host: 127.0.0.1
[INFO ][20181203 16:03:25,710][AbstractApplicationContext:578] Refreshing org.springframework.context.support.ClassPathXmlApplicationContext@6a38e57f: startup date [Mon Dec 03 16:03:25 CST 2018]; root of context hierarchy
[INFO ][20181203 16:03:25,778][XmlBeanDefinitionReader:317] Loading XML bean definitions from class path resource [spring-context.xml]
[INFO ][20181203 16:03:26,147][XmlBeanDefinitionReader:317] Loading XML bean definitions from class path resource [dubbo-consumer.xml]
[INFO ][20181203 16:03:26,211][?:?] using logger: com.alibaba.dubbo.common.logger.log4j.Log4jLoggerAdapter
[INFO ][20181203 16:03:26,269][XmlBeanDefinitionReader:317] Loading XML bean definitions from class path resource [spring-mail.xml]
[INFO ][20181203 16:03:26,338][XmlBeanDefinitionReader:317] Loading XML bean definitions from class path resource [spring-mq.xml]
[INFO ][20181203 16:03:26,384][DefaultListableBeanFactory:839] Overriding bean definition for bean 'consumerSessionAwareMessageListener' with a different definition: replacing [Generic bean: class [com.fugf.app.mqtest.listener.ConsumerSessionAwareMessageListener]; scope=singleton; abstract=false; lazyInit=false; autowireMode=0; dependencyCheck=0; autowireCandidate=true; primary=false; factoryBeanName=null; factoryMethodName=null; initMethodName=null; destroyMethodName=null; defined in file [E:\work\dubboDemo\dubbo-root\dubbo-app\target\classes\com\fugf\app\mqtest\listener\ConsumerSessionAwareMessageListener.class]] with [Generic bean: class [com.fugf.app.mqtest.listener.ConsumerSessionAwareMessageListener]; scope=; abstract=false; lazyInit=false; autowireMode=1; dependencyCheck=0; autowireCandidate=true; primary=false; factoryBeanName=null; factoryMethodName=null; initMethodName=null; destroyMethodName=null; defined in class path resource [spring-mq.xml]]
[INFO ][20181203 16:03:26,977][PropertiesLoaderSupport:172] Loading properties file from class path resource [mail.properties]
[INFO ][20181203 16:03:26,979][PropertiesLoaderSupport:172] Loading properties file from class path resource [mq.properties]
[INFO ][20181203 16:03:27,692][ExecutorConfigurationSupport:165] Initializing ExecutorService  'threadPool'
[WARN ][20181203 16:03:27,811][AbstractApplicationContext:546] Exception encountered during context initialization - cancelling refresh attempt: org.springframework.beans.factory.BeanCreationException: Error creating bean with name 'consumerSessionAwareMessageListener': Injection of autowired dependencies failed; nested exception is org.springframework.beans.factory.BeanCreationException: Could not autowire field: private org.springframework.jms.core.JmsTemplate com.fugf.app.mqtest.listener.ConsumerSessionAwareMessageListener.activeMqJmsTemplate; nested exception is org.springframework.beans.factory.BeanCreationException: Error creating bean with name 'activeMqJmsTemplate' defined in class path resource [spring-mq.xml]: Cannot resolve reference to bean 'connectionFactory' while setting bean property 'connectionFactory'; nested exception is org.springframework.beans.factory.BeanCreationException: Error creating bean with name 'connectionFactory' defined in class path resource [spring-mq.xml]: Cannot resolve reference to bean 'pooledConnectionFactory' while setting bean property 'targetConnectionFactory'; nested exception is org.springframework.beans.factory.BeanCreationException: Error creating bean with name 'pooledConnectionFactory' defined in class path resource [spring-mq.xml]: Initialization of bean failed; nested exception is java.lang.reflect.MalformedParameterizedTypeException
[INFO ][20181203 16:03:27,811][ExecutorConfigurationSupport:203] Shutting down ExecutorService 'threadPool'
[INFO ][20181203 16:03:27,839][AbstractConfig$1:450]  [DUBBO] Run shutdown hook now., dubbo version: 2.5.3, current host: 127.0.0.1
[INFO ][20181203 16:03:27,841][AbstractRegistryFactory:63]  [DUBBO] Close all registries [], dubbo version: 2.5.3, current host: 127.0.0.1
[INFO ][20181203 19:08:59,944][AbstractApplicationContext:578] Refreshing org.springframework.context.support.ClassPathXmlApplicationContext@6a38e57f: startup date [Mon Dec 03 19:08:59 CST 2018]; root of context hierarchy
[INFO ][20181203 19:09:00,133][XmlBeanDefinitionReader:317] Loading XML bean definitions from class path resource [spring-context.xml]
[INFO ][20181203 19:09:00,899][XmlBeanDefinitionReader:317] Loading XML bean definitions from class path resource [dubbo-consumer.xml]
[INFO ][20181203 19:09:00,975][?:?] using logger: com.alibaba.dubbo.common.logger.log4j.Log4jLoggerAdapter
[INFO ][20181203 19:09:01,014][XmlBeanDefinitionReader:317] Loading XML bean definitions from class path resource [spring-mail.xml]
[INFO ][20181203 19:09:01,160][XmlBeanDefinitionReader:317] Loading XML bean definitions from class path resource [spring-mq.xml]
[INFO ][20181203 19:09:01,337][DefaultListableBeanFactory:839] Overriding bean definition for bean 'consumerSessionAwareMessageListener' with a different definition: replacing [Generic bean: class [com.fugf.app.mqtest.listener.ConsumerSessionAwareMessageListener]; scope=singleton; abstract=false; lazyInit=false; autowireMode=0; dependencyCheck=0; autowireCandidate=true; primary=false; factoryBeanName=null; factoryMethodName=null; initMethodName=null; destroyMethodName=null; defined in file [E:\work\dubboDemo\dubbo-root\dubbo-app\target\classes\com\fugf\app\mqtest\listener\ConsumerSessionAwareMessageListener.class]] with [Generic bean: class [com.fugf.app.mqtest.listener.ConsumerSessionAwareMessageListener]; scope=; abstract=false; lazyInit=false; autowireMode=1; dependencyCheck=0; autowireCandidate=true; primary=false; factoryBeanName=null; factoryMethodName=null; initMethodName=null; destroyMethodName=null; defined in class path resource [spring-mq.xml]]
[INFO ][20181203 19:09:01,683][PropertiesLoaderSupport:172] Loading properties file from class path resource [mail.properties]
[INFO ][20181203 19:09:01,683][PropertiesLoaderSupport:172] Loading properties file from class path resource [mq.properties]
[INFO ][20181203 19:09:02,389][ExecutorConfigurationSupport:165] Initializing ExecutorService  'threadPool'
[WARN ][20181203 19:09:02,559][AbstractApplicationContext:546] Exception encountered during context initialization - cancelling refresh attempt: org.springframework.beans.factory.BeanCreationException: Error creating bean with name 'consumerSessionAwareMessageListener': Injection of autowired dependencies failed; nested exception is org.springframework.beans.factory.BeanCreationException: Could not autowire field: private org.springframework.jms.core.JmsTemplate com.fugf.app.mqtest.listener.ConsumerSessionAwareMessageListener.activeMqJmsTemplate; nested exception is org.springframework.beans.factory.BeanCreationException: Error creating bean with name 'activeMqJmsTemplate' defined in class path resource [spring-mq.xml]: Cannot resolve reference to bean 'connectionFactory' while setting bean property 'connectionFactory'; nested exception is org.springframework.beans.factory.BeanCreationException: Error creating bean with name 'connectionFactory' defined in class path resource [spring-mq.xml]: Cannot resolve reference to bean 'pooledConnectionFactory' while setting bean property 'targetConnectionFactory'; nested exception is org.springframework.beans.factory.BeanCreationException: Error creating bean with name 'pooledConnectionFactory' defined in class path resource [spring-mq.xml]: Initialization of bean failed; nested exception is java.lang.reflect.MalformedParameterizedTypeException
[INFO ][20181203 19:09:02,560][ExecutorConfigurationSupport:203] Shutting down ExecutorService 'threadPool'
[INFO ][20181203 19:09:02,583][AbstractConfig$1:450]  [DUBBO] Run shutdown hook now., dubbo version: 2.5.3, current host: 127.0.0.1
[INFO ][20181203 19:09:02,585][AbstractRegistryFactory:63]  [DUBBO] Close all registries [], dubbo version: 2.5.3, current host: 127.0.0.1
[INFO ][20181203 19:09:05,289][AbstractApplicationContext:578] Refreshing org.springframework.context.support.ClassPathXmlApplicationContext@6a38e57f: startup date [Mon Dec 03 19:09:05 CST 2018]; root of context hierarchy
[INFO ][20181203 19:09:05,361][XmlBeanDefinitionReader:317] Loading XML bean definitions from class path resource [spring-context.xml]
[INFO ][20181203 19:09:05,807][XmlBeanDefinitionReader:317] Loading XML bean definitions from class path resource [dubbo-consumer.xml]
[INFO ][20181203 19:09:05,916][?:?] using logger: com.alibaba.dubbo.common.logger.log4j.Log4jLoggerAdapter
[INFO ][20181203 19:09:05,974][XmlBeanDefinitionReader:317] Loading XML bean definitions from class path resource [spring-mail.xml]
[INFO ][20181203 19:09:06,033][XmlBeanDefinitionReader:317] Loading XML bean definitions from class path resource [spring-mq.xml]
[INFO ][20181203 19:09:06,054][DefaultListableBeanFactory:839] Overriding bean definition for bean 'consumerSessionAwareMessageListener' with a different definition: replacing [Generic bean: class [com.fugf.app.mqtest.listener.ConsumerSessionAwareMessageListener]; scope=singleton; abstract=false; lazyInit=false; autowireMode=0; dependencyCheck=0; autowireCandidate=true; primary=false; factoryBeanName=null; factoryMethodName=null; initMethodName=null; destroyMethodName=null; defined in file [E:\work\dubboDemo\dubbo-root\dubbo-app\target\classes\com\fugf\app\mqtest\listener\ConsumerSessionAwareMessageListener.class]] with [Generic bean: class [com.fugf.app.mqtest.listener.ConsumerSessionAwareMessageListener]; scope=; abstract=false; lazyInit=false; autowireMode=1; dependencyCheck=0; autowireCandidate=true; primary=false; factoryBeanName=null; factoryMethodName=null; initMethodName=null; destroyMethodName=null; defined in class path resource [spring-mq.xml]]
[INFO ][20181203 19:09:06,368][PropertiesLoaderSupport:172] Loading properties file from class path resource [mail.properties]
[INFO ][20181203 19:09:06,369][PropertiesLoaderSupport:172] Loading properties file from class path resource [mq.properties]
[INFO ][20181203 19:09:07,084][ExecutorConfigurationSupport:165] Initializing ExecutorService  'threadPool'
[WARN ][20181203 19:09:07,259][AbstractApplicationContext:546] Exception encountered during context initialization - cancelling refresh attempt: org.springframework.beans.factory.BeanCreationException: Error creating bean with name 'consumerSessionAwareMessageListener': Injection of autowired dependencies failed; nested exception is org.springframework.beans.factory.BeanCreationException: Could not autowire field: private org.springframework.jms.core.JmsTemplate com.fugf.app.mqtest.listener.ConsumerSessionAwareMessageListener.activeMqJmsTemplate; nested exception is org.springframework.beans.factory.BeanCreationException: Error creating bean with name 'activeMqJmsTemplate' defined in class path resource [spring-mq.xml]: Cannot resolve reference to bean 'connectionFactory' while setting bean property 'connectionFactory'; nested exception is org.springframework.beans.factory.BeanCreationException: Error creating bean with name 'connectionFactory' defined in class path resource [spring-mq.xml]: Cannot resolve reference to bean 'pooledConnectionFactory' while setting bean property 'targetConnectionFactory'; nested exception is org.springframework.beans.factory.BeanCreationException: Error creating bean with name 'pooledConnectionFactory' defined in class path resource [spring-mq.xml]: Initialization of bean failed; nested exception is java.lang.reflect.MalformedParameterizedTypeException
[INFO ][20181203 19:09:07,265][ExecutorConfigurationSupport:203] Shutting down ExecutorService 'threadPool'
[INFO ][20181203 19:09:07,342][AbstractConfig$1:450]  [DUBBO] Run shutdown hook now., dubbo version: 2.5.3, current host: 127.0.0.1
[INFO ][20181203 19:09:07,344][AbstractRegistryFactory:63]  [DUBBO] Close all registries [], dubbo version: 2.5.3, current host: 127.0.0.1
